<?xml version="1.0" encoding="UTF-8"?>
<!-- Generated by org.testng.reporters.JUnitXMLReporter -->
<testsuite ignored="2" hostname="LAPTOP-8MQ1Q4P8" failures="0" tests="3" name="Test Automation" time="304.082" errors="0" timestamp="2025-08-12T07:44:08 CLT">
  <testcase classname="test.java.previred.CU009_Revisar_Bitacora" name="Flujo_Sagcom" time="66.819"/>
  <testcase classname="test.java.previred.CU009_Revisar_Bitacora" name="Flujo_Sagcom_Administrativo" time="125.663"/>
  <testcase classname="test.java.previred.CU009_Revisar_Bitacora" name="Flujo_Sagcom_Medico" time="98.559"/>
  <testcase classname="resource.java.GG_BaseTest" name="@BeforeTest setupReport" time="0.0">
    <ignored/>
  </testcase> <!-- @BeforeTest setupReport -->
  <testcase classname="resource.java.GG_BaseTest" name="@AfterTest finalizeReport" time="0.0">
    <ignored/>
  </testcase> <!-- @AfterTest finalizeReport -->
</testsuite> <!-- Test Automation -->
