<?xml version="1.0" encoding="UTF-8"?>
<testng-results ignored="2" total="10" passed="8" failed="0" skipped="0">
  <reporter-output>
  </reporter-output>
  <suite started-at="2025-08-12T16:03:29 CLT" name="Sample Test Suite" finished-at="2025-08-12T16:14:13 CLT" duration-ms="643601">
    <groups>
    </groups>
    <test started-at="2025-08-12T16:03:29 CLT" name="Test Automation" finished-at="2025-08-12T16:14:13 CLT" duration-ms="643601">
      <class name="test.java.previred.CC_Test">
        <test-method is-config="true" signature="setupReport()[pri:0, instance:test.java.previred.CC_Test@3835c46]" started-at="2025-08-12T16:03:29 CLT" name="setupReport" finished-at="2025-08-12T16:03:29 CLT" duration-ms="108" status="PASS">
          <reporter-output>
          </reporter-output>
        </test-method> <!-- setupReport -->
        <test-method is-config="true" signature="finalizeReport()[pri:0, instance:test.java.previred.CC_Test@3835c46]" started-at="2025-08-12T16:14:12 CLT" name="finalizeReport" finished-at="2025-08-12T16:14:13 CLT" duration-ms="900" status="PASS">
          <reporter-output>
          </reporter-output>
        </test-method> <!-- finalizeReport -->
      </class> <!-- test.java.previred.CC_Test -->
      <class name="test.java.previred.CU001_Camino_Feliz_Flujo_Sagcom">
        <test-method is-config="true" signature="setupDriver(java.lang.String,java.lang.reflect.Method)[pri:0, instance:test.java.previred.CU001_Camino_Feliz_Flujo_Sagcom@f5ac9e4]" started-at="2025-08-12T16:03:29 CLT" name="setupDriver" finished-at="2025-08-12T16:03:36 CLT" duration-ms="6949" status="PASS">
          <params>
            <param index="0">
              <value>
                <![CDATA[chrome]]>
              </value>
            </param>
            <param index="1">
              <value>
                <![CDATA[public void test.java.previred.CU001_Camino_Feliz_Flujo_Sagcom.Flujo_Sagcom(java.lang.String[]) throws java.lang.InterruptedException]]>
              </value>
            </param>
          </params>
          <reporter-output>
          </reporter-output>
        </test-method> <!-- setupDriver -->
        <test-method signature="Flujo_Sagcom([Ljava.lang.String;)[pri:1, instance:test.java.previred.CU001_Camino_Feliz_Flujo_Sagcom@f5ac9e4]" started-at="2025-08-12T16:03:36 CLT" name="Flujo_Sagcom" data-provider="Data" finished-at="2025-08-12T16:05:47 CLT" duration-ms="130682" status="PASS">
          <params>
            <param index="0">
              <value>
                <![CDATA[[Ljava.lang.String;@44ed0a8f]]>
              </value>
            </param>
          </params>
          <reporter-output>
          </reporter-output>
        </test-method> <!-- Flujo_Sagcom -->
        <test-method is-config="true" signature="tearDown(org.testng.ITestResult)[pri:0, instance:test.java.previred.CU001_Camino_Feliz_Flujo_Sagcom@f5ac9e4]" started-at="2025-08-12T16:05:47 CLT" name="tearDown" finished-at="2025-08-12T16:05:47 CLT" duration-ms="17" status="PASS">
          <params>
            <param index="0">
              <value>
                <![CDATA[[TestResult name=Flujo_Sagcom status=SUCCESS method=CU001_Camino_Feliz_Flujo_Sagcom.Flujo_Sagcom([Ljava.lang.String;)[pri:1, instance:test.java.previred.CU001_Camino_Feliz_Flujo_Sagcom@f5ac9e4] output={null}]]]>
              </value>
            </param>
          </params>
          <reporter-output>
          </reporter-output>
        </test-method> <!-- tearDown -->
        <test-method is-config="true" signature="setupDriver(java.lang.String,java.lang.reflect.Method)[pri:0, instance:test.java.previred.CU001_Camino_Feliz_Flujo_Sagcom@f5ac9e4]" started-at="2025-08-12T16:05:47 CLT" name="setupDriver" finished-at="2025-08-12T16:05:54 CLT" duration-ms="7207" status="PASS">
          <params>
            <param index="0">
              <value>
                <![CDATA[chrome]]>
              </value>
            </param>
            <param index="1">
              <value>
                <![CDATA[public void test.java.previred.CU001_Camino_Feliz_Flujo_Sagcom.Flujo_Sagcom_Administrativo(java.lang.String[]) throws java.lang.InterruptedException]]>
              </value>
            </param>
          </params>
          <reporter-output>
          </reporter-output>
        </test-method> <!-- setupDriver -->
        <test-method signature="Flujo_Sagcom_Administrativo([Ljava.lang.String;)[pri:2, instance:test.java.previred.CU001_Camino_Feliz_Flujo_Sagcom@f5ac9e4]" started-at="2025-08-12T16:05:54 CLT" name="Flujo_Sagcom_Administrativo" data-provider="Data1" finished-at="2025-08-12T16:06:53 CLT" duration-ms="58923" status="PASS">
          <params>
            <param index="0">
              <value>
                <![CDATA[[Ljava.lang.String;@574b7f4a]]>
              </value>
            </param>
          </params>
          <reporter-output>
          </reporter-output>
        </test-method> <!-- Flujo_Sagcom_Administrativo -->
        <test-method is-config="true" signature="tearDown(org.testng.ITestResult)[pri:0, instance:test.java.previred.CU001_Camino_Feliz_Flujo_Sagcom@f5ac9e4]" started-at="2025-08-12T16:06:53 CLT" name="tearDown" finished-at="2025-08-12T16:06:53 CLT" duration-ms="13" status="PASS">
          <params>
            <param index="0">
              <value>
                <![CDATA[[TestResult name=Flujo_Sagcom_Administrativo status=SUCCESS method=CU001_Camino_Feliz_Flujo_Sagcom.Flujo_Sagcom_Administrativo([Ljava.lang.String;)[pri:2, instance:test.java.previred.CU001_Camino_Feliz_Flujo_Sagcom@f5ac9e4] output={null}]]]>
              </value>
            </param>
          </params>
          <reporter-output>
          </reporter-output>
        </test-method> <!-- tearDown -->
        <test-method is-config="true" signature="setupDriver(java.lang.String,java.lang.reflect.Method)[pri:0, instance:test.java.previred.CU001_Camino_Feliz_Flujo_Sagcom@f5ac9e4]" started-at="2025-08-12T16:06:53 CLT" name="setupDriver" finished-at="2025-08-12T16:06:58 CLT" duration-ms="4635" status="PASS">
          <params>
            <param index="0">
              <value>
                <![CDATA[chrome]]>
              </value>
            </param>
            <param index="1">
              <value>
                <![CDATA[public void test.java.previred.CU001_Camino_Feliz_Flujo_Sagcom.Flujo_Sagcom_Medico_Presidente(java.lang.String[]) throws java.lang.InterruptedException]]>
              </value>
            </param>
          </params>
          <reporter-output>
          </reporter-output>
        </test-method> <!-- setupDriver -->
        <test-method signature="Flujo_Sagcom_Medico_Presidente([Ljava.lang.String;)[pri:3, instance:test.java.previred.CU001_Camino_Feliz_Flujo_Sagcom@f5ac9e4]" started-at="2025-08-12T16:06:58 CLT" name="Flujo_Sagcom_Medico_Presidente" data-provider="Data2" finished-at="2025-08-12T16:07:50 CLT" duration-ms="51644" status="PASS">
          <params>
            <param index="0">
              <value>
                <![CDATA[[Ljava.lang.String;@3791f50e]]>
              </value>
            </param>
          </params>
          <reporter-output>
          </reporter-output>
        </test-method> <!-- Flujo_Sagcom_Medico_Presidente -->
        <test-method is-config="true" signature="tearDown(org.testng.ITestResult)[pri:0, instance:test.java.previred.CU001_Camino_Feliz_Flujo_Sagcom@f5ac9e4]" started-at="2025-08-12T16:07:50 CLT" name="tearDown" finished-at="2025-08-12T16:07:50 CLT" duration-ms="12" status="PASS">
          <params>
            <param index="0">
              <value>
                <![CDATA[[TestResult name=Flujo_Sagcom_Medico_Presidente status=SUCCESS method=CU001_Camino_Feliz_Flujo_Sagcom.Flujo_Sagcom_Medico_Presidente([Ljava.lang.String;)[pri:3, instance:test.java.previred.CU001_Camino_Feliz_Flujo_Sagcom@f5ac9e4] output={null}]]]>
              </value>
            </param>
          </params>
          <reporter-output>
          </reporter-output>
        </test-method> <!-- tearDown -->
        <test-method is-config="true" signature="setupDriver(java.lang.String,java.lang.reflect.Method)[pri:0, instance:test.java.previred.CU001_Camino_Feliz_Flujo_Sagcom@f5ac9e4]" started-at="2025-08-12T16:07:50 CLT" name="setupDriver" finished-at="2025-08-12T16:07:55 CLT" duration-ms="4834" status="PASS">
          <params>
            <param index="0">
              <value>
                <![CDATA[chrome]]>
              </value>
            </param>
            <param index="1">
              <value>
                <![CDATA[public void test.java.previred.CU001_Camino_Feliz_Flujo_Sagcom.Flujo_Sagcom_Administrativo1(java.lang.String[]) throws java.lang.InterruptedException]]>
              </value>
            </param>
          </params>
          <reporter-output>
          </reporter-output>
        </test-method> <!-- setupDriver -->
        <test-method signature="Flujo_Sagcom_Administrativo1([Ljava.lang.String;)[pri:4, instance:test.java.previred.CU001_Camino_Feliz_Flujo_Sagcom@f5ac9e4]" started-at="2025-08-12T16:07:55 CLT" name="Flujo_Sagcom_Administrativo1" data-provider="Data3" finished-at="2025-08-12T16:08:22 CLT" duration-ms="27899" status="PASS">
          <params>
            <param index="0">
              <value>
                <![CDATA[[Ljava.lang.String;@32177fa5]]>
              </value>
            </param>
          </params>
          <reporter-output>
          </reporter-output>
        </test-method> <!-- Flujo_Sagcom_Administrativo1 -->
        <test-method is-config="true" signature="tearDown(org.testng.ITestResult)[pri:0, instance:test.java.previred.CU001_Camino_Feliz_Flujo_Sagcom@f5ac9e4]" started-at="2025-08-12T16:08:23 CLT" name="tearDown" finished-at="2025-08-12T16:08:23 CLT" duration-ms="12" status="PASS">
          <params>
            <param index="0">
              <value>
                <![CDATA[[TestResult name=Flujo_Sagcom_Administrativo1 status=SUCCESS method=CU001_Camino_Feliz_Flujo_Sagcom.Flujo_Sagcom_Administrativo1([Ljava.lang.String;)[pri:4, instance:test.java.previred.CU001_Camino_Feliz_Flujo_Sagcom@f5ac9e4] output={null}]]]>
              </value>
            </param>
          </params>
          <reporter-output>
          </reporter-output>
        </test-method> <!-- tearDown -->
        <test-method is-config="true" signature="setupDriver(java.lang.String,java.lang.reflect.Method)[pri:0, instance:test.java.previred.CU001_Camino_Feliz_Flujo_Sagcom@f5ac9e4]" started-at="2025-08-12T16:08:23 CLT" name="setupDriver" finished-at="2025-08-12T16:08:27 CLT" duration-ms="4007" status="PASS">
          <params>
            <param index="0">
              <value>
                <![CDATA[chrome]]>
              </value>
            </param>
            <param index="1">
              <value>
                <![CDATA[public void test.java.previred.CU001_Camino_Feliz_Flujo_Sagcom.Flujo_Sagcom_Administrativo2(java.lang.String[]) throws java.lang.InterruptedException]]>
              </value>
            </param>
          </params>
          <reporter-output>
          </reporter-output>
        </test-method> <!-- setupDriver -->
        <test-method signature="Flujo_Sagcom_Administrativo2([Ljava.lang.String;)[pri:5, instance:test.java.previred.CU001_Camino_Feliz_Flujo_Sagcom@f5ac9e4]" started-at="2025-08-12T16:08:27 CLT" name="Flujo_Sagcom_Administrativo2" data-provider="Data4" finished-at="2025-08-12T16:09:01 CLT" duration-ms="34643" status="PASS">
          <params>
            <param index="0">
              <value>
                <![CDATA[[Ljava.lang.String;@44065156]]>
              </value>
            </param>
          </params>
          <reporter-output>
          </reporter-output>
        </test-method> <!-- Flujo_Sagcom_Administrativo2 -->
        <test-method is-config="true" signature="tearDown(org.testng.ITestResult)[pri:0, instance:test.java.previred.CU001_Camino_Feliz_Flujo_Sagcom@f5ac9e4]" started-at="2025-08-12T16:09:01 CLT" name="tearDown" finished-at="2025-08-12T16:09:01 CLT" duration-ms="11" status="PASS">
          <params>
            <param index="0">
              <value>
                <![CDATA[[TestResult name=Flujo_Sagcom_Administrativo2 status=SUCCESS method=CU001_Camino_Feliz_Flujo_Sagcom.Flujo_Sagcom_Administrativo2([Ljava.lang.String;)[pri:5, instance:test.java.previred.CU001_Camino_Feliz_Flujo_Sagcom@f5ac9e4] output={null}]]]>
              </value>
            </param>
          </params>
          <reporter-output>
          </reporter-output>
        </test-method> <!-- tearDown -->
        <test-method is-config="true" signature="setupDriver(java.lang.String,java.lang.reflect.Method)[pri:0, instance:test.java.previred.CU001_Camino_Feliz_Flujo_Sagcom@f5ac9e4]" started-at="2025-08-12T16:09:01 CLT" name="setupDriver" finished-at="2025-08-12T16:09:06 CLT" duration-ms="5059" status="PASS">
          <params>
            <param index="0">
              <value>
                <![CDATA[chrome]]>
              </value>
            </param>
            <param index="1">
              <value>
                <![CDATA[public void test.java.previred.CU001_Camino_Feliz_Flujo_Sagcom.Flujo_Sagcom_Medico_Integrante1(java.lang.String[]) throws java.lang.InterruptedException]]>
              </value>
            </param>
          </params>
          <reporter-output>
          </reporter-output>
        </test-method> <!-- setupDriver -->
        <test-method signature="Flujo_Sagcom_Medico_Integrante1([Ljava.lang.String;)[pri:6, instance:test.java.previred.CU001_Camino_Feliz_Flujo_Sagcom@f5ac9e4]" started-at="2025-08-12T16:09:06 CLT" name="Flujo_Sagcom_Medico_Integrante1" data-provider="Data5" finished-at="2025-08-12T16:11:41 CLT" duration-ms="154397" status="PASS">
          <params>
            <param index="0">
              <value>
                <![CDATA[[Ljava.lang.String;@a96d56c]]>
              </value>
            </param>
          </params>
          <reporter-output>
          </reporter-output>
        </test-method> <!-- Flujo_Sagcom_Medico_Integrante1 -->
        <test-method is-config="true" signature="tearDown(org.testng.ITestResult)[pri:0, instance:test.java.previred.CU001_Camino_Feliz_Flujo_Sagcom@f5ac9e4]" started-at="2025-08-12T16:11:41 CLT" name="tearDown" finished-at="2025-08-12T16:11:41 CLT" duration-ms="58" status="PASS">
          <params>
            <param index="0">
              <value>
                <![CDATA[[TestResult name=Flujo_Sagcom_Medico_Integrante1 status=SUCCESS method=CU001_Camino_Feliz_Flujo_Sagcom.Flujo_Sagcom_Medico_Integrante1([Ljava.lang.String;)[pri:6, instance:test.java.previred.CU001_Camino_Feliz_Flujo_Sagcom@f5ac9e4] output={null}]]]>
              </value>
            </param>
          </params>
          <reporter-output>
          </reporter-output>
        </test-method> <!-- tearDown -->
        <test-method is-config="true" signature="setupDriver(java.lang.String,java.lang.reflect.Method)[pri:0, instance:test.java.previred.CU001_Camino_Feliz_Flujo_Sagcom@f5ac9e4]" started-at="2025-08-12T16:11:41 CLT" name="setupDriver" finished-at="2025-08-12T16:11:46 CLT" duration-ms="5314" status="PASS">
          <params>
            <param index="0">
              <value>
                <![CDATA[chrome]]>
              </value>
            </param>
            <param index="1">
              <value>
                <![CDATA[public void test.java.previred.CU001_Camino_Feliz_Flujo_Sagcom.Flujo_Sagcom_Medico_Presidente1(java.lang.String[]) throws java.lang.InterruptedException]]>
              </value>
            </param>
          </params>
          <reporter-output>
          </reporter-output>
        </test-method> <!-- setupDriver -->
        <test-method signature="Flujo_Sagcom_Medico_Presidente1([Ljava.lang.String;)[pri:7, instance:test.java.previred.CU001_Camino_Feliz_Flujo_Sagcom@f5ac9e4]" started-at="2025-08-12T16:11:46 CLT" name="Flujo_Sagcom_Medico_Presidente1" data-provider="Data6" finished-at="2025-08-12T16:12:11 CLT" duration-ms="24219" status="PASS">
          <params>
            <param index="0">
              <value>
                <![CDATA[[Ljava.lang.String;@6ab4a5b]]>
              </value>
            </param>
          </params>
          <reporter-output>
          </reporter-output>
        </test-method> <!-- Flujo_Sagcom_Medico_Presidente1 -->
        <test-method is-config="true" signature="tearDown(org.testng.ITestResult)[pri:0, instance:test.java.previred.CU001_Camino_Feliz_Flujo_Sagcom@f5ac9e4]" started-at="2025-08-12T16:12:11 CLT" name="tearDown" finished-at="2025-08-12T16:12:11 CLT" duration-ms="14" status="PASS">
          <params>
            <param index="0">
              <value>
                <![CDATA[[TestResult name=Flujo_Sagcom_Medico_Presidente1 status=SUCCESS method=CU001_Camino_Feliz_Flujo_Sagcom.Flujo_Sagcom_Medico_Presidente1([Ljava.lang.String;)[pri:7, instance:test.java.previred.CU001_Camino_Feliz_Flujo_Sagcom@f5ac9e4] output={null}]]]>
              </value>
            </param>
          </params>
          <reporter-output>
          </reporter-output>
        </test-method> <!-- tearDown -->
        <test-method is-config="true" signature="setupDriver(java.lang.String,java.lang.reflect.Method)[pri:0, instance:test.java.previred.CU001_Camino_Feliz_Flujo_Sagcom@f5ac9e4]" started-at="2025-08-12T16:12:11 CLT" name="setupDriver" finished-at="2025-08-12T16:12:16 CLT" duration-ms="5142" status="PASS">
          <params>
            <param index="0">
              <value>
                <![CDATA[chrome]]>
              </value>
            </param>
            <param index="1">
              <value>
                <![CDATA[public void test.java.previred.CU001_Camino_Feliz_Flujo_Sagcom.Flujo_Sagcom_Administrativo3(java.lang.String[]) throws java.lang.InterruptedException]]>
              </value>
            </param>
          </params>
          <reporter-output>
          </reporter-output>
        </test-method> <!-- setupDriver -->
        <test-method signature="Flujo_Sagcom_Administrativo3([Ljava.lang.String;)[pri:8, instance:test.java.previred.CU001_Camino_Feliz_Flujo_Sagcom@f5ac9e4]" started-at="2025-08-12T16:12:16 CLT" name="Flujo_Sagcom_Administrativo3" data-provider="Data7" finished-at="2025-08-12T16:14:11 CLT" duration-ms="115265" status="PASS">
          <params>
            <param index="0">
              <value>
                <![CDATA[[Ljava.lang.String;@e26af6]]>
              </value>
            </param>
          </params>
          <reporter-output>
          </reporter-output>
        </test-method> <!-- Flujo_Sagcom_Administrativo3 -->
        <test-method is-config="true" signature="tearDown(org.testng.ITestResult)[pri:0, instance:test.java.previred.CU001_Camino_Feliz_Flujo_Sagcom@f5ac9e4]" started-at="2025-08-12T16:14:12 CLT" name="tearDown" finished-at="2025-08-12T16:14:12 CLT" duration-ms="61" status="PASS">
          <params>
            <param index="0">
              <value>
                <![CDATA[[TestResult name=Flujo_Sagcom_Administrativo3 status=SUCCESS method=CU001_Camino_Feliz_Flujo_Sagcom.Flujo_Sagcom_Administrativo3([Ljava.lang.String;)[pri:8, instance:test.java.previred.CU001_Camino_Feliz_Flujo_Sagcom@f5ac9e4] output={null}]]]>
              </value>
            </param>
          </params>
          <reporter-output>
          </reporter-output>
        </test-method> <!-- tearDown -->
      </class> <!-- test.java.previred.CU001_Camino_Feliz_Flujo_Sagcom -->
    </test> <!-- Test Automation -->
  </suite> <!-- Sample Test Suite -->
</testng-results>
