<?xml version="1.0" encoding="UTF-8"?>
<!-- Generated by org.testng.reporters.JUnitXMLReporter -->
<testsuite ignored="2" hostname="LAPTOP-8MQ1Q4P8" failures="0" tests="8" name="Test Automation" time="643.601" errors="0" timestamp="2025-08-12T16:14:13 CLT">
  <testcase classname="test.java.previred.CU001_Camino_Feliz_Flujo_Sagcom" name="Flujo_Sagcom" time="130.682"/>
  <testcase classname="test.java.previred.CU001_Camino_Feliz_Flujo_Sagcom" name="Flujo_Sagcom_Administrativo" time="58.923"/>
  <testcase classname="test.java.previred.CU001_Camino_Feliz_Flujo_Sagcom" name="Flujo_Sagcom_Medico_Presidente" time="51.644"/>
  <testcase classname="test.java.previred.CU001_Camino_Feliz_Flujo_Sagcom" name="Flujo_Sagcom_Administrativo1" time="27.899"/>
  <testcase classname="test.java.previred.CU001_Camino_Feliz_Flujo_Sagcom" name="Flujo_Sagcom_Administrativo2" time="34.643"/>
  <testcase classname="test.java.previred.CU001_Camino_Feliz_Flujo_Sagcom" name="Flujo_Sagcom_Medico_Integrante1" time="154.397"/>
  <testcase classname="test.java.previred.CU001_Camino_Feliz_Flujo_Sagcom" name="Flujo_Sagcom_Medico_Presidente1" time="24.219"/>
  <testcase classname="test.java.previred.CU001_Camino_Feliz_Flujo_Sagcom" name="Flujo_Sagcom_Administrativo3" time="115.265"/>
  <testcase classname="resource.java.GG_BaseTest" name="@BeforeTest setupReport" time="0.0">
    <ignored/>
  </testcase> <!-- @BeforeTest setupReport -->
  <testcase classname="resource.java.GG_BaseTest" name="@AfterTest finalizeReport" time="0.0">
    <ignored/>
  </testcase> <!-- @AfterTest finalizeReport -->
</testsuite> <!-- Test Automation -->
