<?xml version="1.0" encoding="UTF-8"?>
<!-- Generated by org.testng.reporters.JUnitXMLReporter -->
<testsuite ignored="2" hostname="LAPTOP-8MQ1Q4P8" failures="0" tests="4" name="Test Automation" time="529.686" errors="0" timestamp="2025-08-11T23:24:43 CLT">
  <testcase classname="test.java.previred.CU006_Fallecimiento_beneficiario_durante_proceso" name="Flujo_Sagcom" time="163.234"/>
  <testcase classname="test.java.previred.CU006_Fallecimiento_beneficiario_durante_proceso" name="Flujo_Sagcom_Administrativo" time="127.583"/>
  <testcase classname="test.java.previred.CU006_Fallecimiento_beneficiario_durante_proceso" name="Flujo_Sagcom_Medico" time="81.37"/>
  <testcase classname="test.java.previred.CU006_Fallecimiento_beneficiario_durante_proceso" name="Flujo_Sagcom_Administrativo1" time="141.73"/>
  <testcase classname="resource.java.GG_BaseTest" name="@BeforeTest setupReport" time="0.0">
    <ignored/>
  </testcase> <!-- @BeforeTest setupReport -->
  <testcase classname="resource.java.GG_BaseTest" name="@AfterTest finalizeReport" time="0.0">
    <ignored/>
  </testcase> <!-- @AfterTest finalizeReport -->
</testsuite> <!-- Test Automation -->
