<?xml version="1.0" encoding="UTF-8"?>
<!-- Generated by org.testng.reporters.JUnitXMLReporter -->
<testsuite ignored="2" hostname="LAPTOP-8MQ1Q4P8" failures="0" tests="2" name="Test Automation" time="280.053" errors="0" timestamp="2025-08-11T22:55:04 CLT">
  <testcase classname="test.java.previred.CU005_Admisibilidad_solicitud_rechazada" name="Flujo_Sagcom" time="220.375"/>
  <testcase classname="test.java.previred.CU005_Admisibilidad_solicitud_rechazada" name="Flujo_Sagcom_Administrativo" time="45.467"/>
  <testcase classname="resource.java.GG_BaseTest" name="@BeforeTest setupReport" time="0.0">
    <ignored/>
  </testcase> <!-- @BeforeTest setupReport -->
  <testcase classname="resource.java.GG_BaseTest" name="@AfterTest finalizeReport" time="0.0">
    <ignored/>
  </testcase> <!-- @AfterTest finalizeReport -->
</testsuite> <!-- Test Automation -->
